<?xml version="1.0" encoding="UTF-8"?>
<!-- Generated by org.testng.reporters.JUnitReportReporter -->
<testsuite hostname="Shivanshus-MacBook-Air-2.local" failures="0" tests="1" name="SeleniumStudy.SeleniumFramework.TestDay1" time="4.177" errors="0" timestamp="2025-03-07T17:27:16 IST" skipped="0">
  <testcase classname="SeleniumStudy.SeleniumFramework.TestDay1" name="submitTest" time="4.177"/>
</testsuite> <!-- SeleniumStudy.SeleniumFramework.TestDay1 -->
