<?xml version="1.0" encoding="UTF-8"?>
<!-- Generated by org.testng.reporters.JUnitReportReporter -->
<testsuite hostname="Shivanshus-MacBook-Air-2.local" failures="0" tests="2" name="Tests.LoginTest" time="15.373" errors="0" timestamp="2025-04-16T20:44:23 IST" skipped="0">
  <testcase classname="Tests.LoginTest" name="submitOrderTest" time="7.592"/>
  <testcase classname="Tests.LoginTest" name="MatchTest" time="7.781"/>
</testsuite> <!-- Tests.LoginTest -->
