<?xml version="1.0" encoding="UTF-8"?>
<!-- Generated by org.testng.reporters.JUnitReportReporter -->
<testsuite hostname="Shivanshus-MacBook-Air-2.local" failures="0" tests="2" name="Tests.SubmitTest" time="13.266" errors="0" timestamp="2025-03-19T20:58:54 IST" skipped="0">
  <testcase classname="Tests.SubmitTest" name="submitOrderTest" time="7.344"/>
  <testcase classname="Tests.SubmitTest" name="submitOrderTest" time="5.922"/>
</testsuite> <!-- Tests.SubmitTest -->
