<?xml version="1.0" encoding="UTF-8"?>
<!-- Generated by org.testng.reporters.JUnitReportReporter -->
<testsuite hostname="Shivanshus-MacBook-Air-2.local" failures="0" tests="2" name="Tests.TestDay1" time="12.451" errors="0" timestamp="2025-04-16T20:44:23 IST" skipped="0">
  <testcase classname="Tests.TestDay1" name="OrderHistoryTest" time="4.644"/>
  <testcase classname="Tests.TestDay1" name="submitTest" time="7.807"/>
</testsuite> <!-- Tests.TestDay1 -->
